<?xml version="1.0" encoding="UTF-8"?>
<coverage generated="1723370198203" clover="3.2.0">
  <project timestamp="1723370198204" name="All files">
    <metrics statements="64" coveredstatements="51" conditionals="10" coveredconditionals="6" methods="24" coveredmethods="13" elements="98" coveredelements="70" complexity="0" loc="64" ncloc="64" packages="2" files="9" classes="9"/>
    <package name="components">
      <metrics statements="53" coveredstatements="42" conditionals="10" coveredconditionals="6" methods="20" coveredmethods="11"/>
      <file name="AppStore.js" path="C:\Users\jagro\Downloads\namaste-react-main (1)\namaste-react-main\src\components\AppStore.js">
        <metrics statements="1" coveredstatements="1" conditionals="0" coveredconditionals="0" methods="0" coveredmethods="0"/>
        <line num="4" count="1" type="stmt"/>
      </file>
      <file name="Body.js" path="C:\Users\jagro\Downloads\namaste-react-main (1)\namaste-react-main\src\components\Body.js">
        <metrics statements="28" coveredstatements="20" conditionals="6" coveredconditionals="4" methods="10" coveredmethods="4"/>
        <line num="9" count="1" type="stmt"/>
        <line num="443" count="1" type="stmt"/>
        <line num="444" count="2" type="stmt"/>
        <line num="445" count="2" type="stmt"/>
        <line num="446" count="2" type="stmt"/>
        <line num="447" count="2" type="stmt"/>
        <line num="448" count="2" type="stmt"/>
        <line num="449" count="2" type="stmt"/>
        <line num="450" count="1" type="stmt"/>
        <line num="452" count="2" type="stmt"/>
        <line num="453" count="1" type="stmt"/>
        <line num="459" count="1" type="stmt"/>
        <line num="460" count="1" type="stmt"/>
        <line num="461" count="1" type="stmt"/>
        <line num="462" count="1" type="stmt"/>
        <line num="464" count="2" type="stmt"/>
        <line num="465" count="2" type="cond" truecount="1" falsecount="1"/>
        <line num="467" count="0" type="stmt"/>
        <line num="469" count="2" type="stmt"/>
        <line num="471" count="2" type="cond" truecount="2" falsecount="0"/>
        <line num="479" count="0" type="stmt"/>
        <line num="484" count="0" type="stmt"/>
        <line num="485" count="0" type="stmt"/>
        <line num="486" count="0" type="stmt"/>
        <line num="491" count="0" type="stmt"/>
        <line num="492" count="0" type="stmt"/>
        <line num="500" count="0" type="stmt"/>
        <line num="507" count="8" type="stmt"/>
      </file>
      <file name="CartSlice.js" path="C:\Users\jagro\Downloads\namaste-react-main (1)\namaste-react-main\src\components\CartSlice.js">
        <metrics statements="6" coveredstatements="3" conditionals="0" coveredconditionals="0" methods="3" coveredmethods="0"/>
        <line num="1" count="1" type="stmt"/>
        <line num="3" count="1" type="stmt"/>
        <line num="12" count="0" type="stmt"/>
        <line num="15" count="0" type="stmt"/>
        <line num="19" count="0" type="stmt"/>
        <line num="23" count="1" type="stmt"/>
      </file>
      <file name="Header.js" path="C:\Users\jagro\Downloads\namaste-react-main (1)\namaste-react-main\src\components\Header.js">
        <metrics statements="8" coveredstatements="8" conditionals="4" coveredconditionals="2" methods="3" coveredmethods="3"/>
        <line num="8" count="1" type="stmt"/>
        <line num="10" count="3" type="stmt"/>
        <line num="11" count="3" type="stmt"/>
        <line num="12" count="3" type="stmt"/>
        <line num="13" count="3" type="stmt"/>
        <line num="15" count="5" type="stmt"/>
        <line num="16" count="3" type="stmt"/>
        <line num="42" count="1" type="cond" truecount="1" falsecount="1"/>
      </file>
      <file name="RestaurantCard.js" path="C:\Users\jagro\Downloads\namaste-react-main (1)\namaste-react-main\src\components\RestaurantCard.js">
        <metrics statements="7" coveredstatements="7" conditionals="0" coveredconditionals="0" methods="3" coveredmethods="3"/>
        <line num="3" count="2" type="stmt"/>
        <line num="4" count="13" type="stmt"/>
        <line num="13" count="12" type="stmt"/>
        <line num="14" count="8" type="stmt"/>
        <line num="31" count="2" type="stmt"/>
        <line num="32" count="2" type="stmt"/>
        <line num="33" count="8" type="stmt"/>
      </file>
      <file name="UserContext.js" path="C:\Users\jagro\Downloads\namaste-react-main (1)\namaste-react-main\src\components\UserContext.js">
        <metrics statements="1" coveredstatements="1" conditionals="0" coveredconditionals="0" methods="0" coveredmethods="0"/>
        <line num="2" count="2" type="stmt"/>
      </file>
      <file name="shimmer.js" path="C:\Users\jagro\Downloads\namaste-react-main (1)\namaste-react-main\src\components\shimmer.js">
        <metrics statements="2" coveredstatements="2" conditionals="0" coveredconditionals="0" methods="1" coveredmethods="1"/>
        <line num="1" count="1" type="stmt"/>
        <line num="2" count="1" type="stmt"/>
      </file>
    </package>
    <package name="components.utils">
      <metrics statements="11" coveredstatements="9" conditionals="0" coveredconditionals="0" methods="4" coveredmethods="2"/>
      <file name="constant.js" path="C:\Users\jagro\Downloads\namaste-react-main (1)\namaste-react-main\src\components\utils\constant.js">
        <metrics statements="3" coveredstatements="3" conditionals="0" coveredconditionals="0" methods="0" coveredmethods="0"/>
        <line num="1" count="3" type="stmt"/>
        <line num="2" count="3" type="stmt"/>
        <line num="3" count="3" type="stmt"/>
      </file>
      <file name="useOnlineStatus.js" path="C:\Users\jagro\Downloads\namaste-react-main (1)\namaste-react-main\src\components\utils\useOnlineStatus.js">
        <metrics statements="8" coveredstatements="6" conditionals="0" coveredconditionals="0" methods="4" coveredmethods="2"/>
        <line num="2" count="2" type="stmt"/>
        <line num="3" count="5" type="stmt"/>
        <line num="4" count="5" type="stmt"/>
        <line num="5" count="3" type="stmt"/>
        <line num="6" count="0" type="stmt"/>
        <line num="8" count="3" type="stmt"/>
        <line num="9" count="0" type="stmt"/>
        <line num="12" count="5" type="stmt"/>
      </file>
    </package>
  </project>
</coverage>
