{"C:\\Users\\jagro\\Downloads\\namaste-react-main (1)\\namaste-react-main\\src\\components\\AppStore.js": {"path":"C:\\Users\\jagro\\Downloads\\namaste-react-main (1)\\namaste-react-main\\src\\components\\AppStore.js","statementMap":{"0":{"start":{"line":4,"column":15},"end":{"line":8,"column":2}}},"fnMap":{},"branchMap":{},"s":{"0":1},"f":{},"b":{},"_coverageSchema":"1a1c01bbd47fc00a2c39e90264f33305004495a9","hash":"30bc9074109045c289ddd6e996c8bcbae9d12afa"}
,"C:\\Users\\jagro\\Downloads\\namaste-react-main (1)\\namaste-react-main\\src\\components\\Body.js": {"path":"C:\\Users\\jagro\\Downloads\\namaste-react-main (1)\\namaste-react-main\\src\\components\\Body.js","statementMap":{"0":{"start":{"line":9,"column":14},"end":{"line":442,"column":3}},"1":{"start":{"line":443,"column":11},"end":{"line":520,"column":5}},"2":{"start":{"line":444,"column":51},"end":{"line":444,"column":63}},"3":{"start":{"line":445,"column":34},"end":{"line":445,"column":46}},"4":{"start":{"line":446,"column":51},"end":{"line":446,"column":63}},"5":{"start":{"line":447,"column":31},"end":{"line":447,"column":64}},"6":{"start":{"line":448,"column":2},"end":{"line":448,"column":52}},"7":{"start":{"line":449,"column":2},"end":{"line":451,"column":8}},"8":{"start":{"line":450,"column":0},"end":{"line":450,"column":12}},"9":{"start":{"line":452,"column":18},"end":{"line":463,"column":3}},"10":{"start":{"line":453,"column":15},"end":{"line":457,"column":7}},"11":{"start":{"line":459,"column":15},"end":{"line":459,"column":32}},"12":{"start":{"line":460,"column":4},"end":{"line":460,"column":22}},"13":{"start":{"line":461,"column":4},"end":{"line":461,"column":102}},"14":{"start":{"line":462,"column":3},"end":{"line":462,"column":101}},"15":{"start":{"line":464,"column":19},"end":{"line":464,"column":36}},"16":{"start":{"line":465,"column":0},"end":{"line":468,"column":61}},"17":{"start":{"line":467,"column":2},"end":{"line":468,"column":61}},"18":{"start":{"line":469,"column":32},"end":{"line":469,"column":55}},"19":{"start":{"line":471,"column":4},"end":{"line":519,"column":6}},"20":{"start":{"line":479,"column":6},"end":{"line":479,"column":36}},"21":{"start":{"line":484,"column":0},"end":{"line":484,"column":24}},"22":{"start":{"line":485,"column":26},"end":{"line":485,"column":124}},"23":{"start":{"line":485,"column":60},"end":{"line":485,"column":123}},"24":{"start":{"line":486,"column":0},"end":{"line":486,"column":42}},"25":{"start":{"line":491,"column":19},"end":{"line":491,"column":74}},"26":{"start":{"line":491,"column":53},"end":{"line":491,"column":73}},"27":{"start":{"line":492,"column":0},"end":{"line":492,"column":36}},"28":{"start":{"line":500,"column":17},"end":{"line":500,"column":45}},"29":{"start":{"line":507,"column":19},"end":{"line":514,"column":26}}},"fnMap":{"0":{"name":"(anonymous_0)","decl":{"start":{"line":443,"column":11},"end":{"line":443,"column":12}},"loc":{"start":{"line":443,"column":15},"end":{"line":520,"column":5}},"line":443},"1":{"name":"(anonymous_1)","decl":{"start":{"line":449,"column":12},"end":{"line":449,"column":13}},"loc":{"start":{"line":449,"column":16},"end":{"line":451,"column":3}},"line":449},"2":{"name":"(anonymous_2)","decl":{"start":{"line":452,"column":18},"end":{"line":452,"column":19}},"loc":{"start":{"line":452,"column":27},"end":{"line":463,"column":3}},"line":452},"3":{"name":"(anonymous_3)","decl":{"start":{"line":478,"column":14},"end":{"line":478,"column":15}},"loc":{"start":{"line":478,"column":19},"end":{"line":480,"column":5}},"line":478},"4":{"name":"(anonymous_4)","decl":{"start":{"line":483,"column":12},"end":{"line":483,"column":13}},"loc":{"start":{"line":483,"column":16},"end":{"line":487,"column":3}},"line":483},"5":{"name":"(anonymous_5)","decl":{"start":{"line":485,"column":53},"end":{"line":485,"column":54}},"loc":{"start":{"line":485,"column":60},"end":{"line":485,"column":123}},"line":485},"6":{"name":"(anonymous_6)","decl":{"start":{"line":490,"column":160},"end":{"line":490,"column":161}},"loc":{"start":{"line":490,"column":164},"end":{"line":493,"column":13}},"line":490},"7":{"name":"(anonymous_7)","decl":{"start":{"line":491,"column":46},"end":{"line":491,"column":47}},"loc":{"start":{"line":491,"column":53},"end":{"line":491,"column":73}},"line":491},"8":{"name":"(anonymous_8)","decl":{"start":{"line":499,"column":25},"end":{"line":499,"column":26}},"loc":{"start":{"line":499,"column":30},"end":{"line":501,"column":15}},"line":499},"9":{"name":"(anonymous_9)","decl":{"start":{"line":506,"column":37},"end":{"line":506,"column":38}},"loc":{"start":{"line":507,"column":19},"end":{"line":514,"column":26}},"line":507}},"branchMap":{"0":{"loc":{"start":{"line":465,"column":0},"end":{"line":468,"column":61}},"type":"if","locations":[{"start":{"line":465,"column":0},"end":{"line":468,"column":61}},{"start":{},"end":{}}],"line":465},"1":{"loc":{"start":{"line":471,"column":11},"end":{"line":519,"column":5}},"type":"cond-expr","locations":[{"start":{"line":471,"column":43},"end":{"line":471,"column":53}},{"start":{"line":472,"column":8},"end":{"line":518,"column":14}}],"line":471},"2":{"loc":{"start":{"line":512,"column":2},"end":{"line":512,"column":121}},"type":"cond-expr","locations":[{"start":{"line":512,"column":26},"end":{"line":512,"column":72}},{"start":{"line":512,"column":76},"end":{"line":512,"column":120}}],"line":512}},"s":{"0":1,"1":1,"2":2,"3":2,"4":2,"5":2,"6":2,"7":2,"8":1,"9":2,"10":1,"11":1,"12":1,"13":1,"14":1,"15":2,"16":2,"17":0,"18":2,"19":2,"20":0,"21":0,"22":0,"23":0,"24":0,"25":0,"26":0,"27":0,"28":0,"29":8},"f":{"0":2,"1":1,"2":1,"3":0,"4":0,"5":0,"6":0,"7":0,"8":0,"9":8},"b":{"0":[0,2],"1":[1,1],"2":[8,0]},"_coverageSchema":"1a1c01bbd47fc00a2c39e90264f33305004495a9","hash":"0b66f70fc946fa180b51db54eeca10cdc144d6fd"}
,"C:\\Users\\jagro\\Downloads\\namaste-react-main (1)\\namaste-react-main\\src\\components\\CartSlice.js": {"path":"C:\\Users\\jagro\\Downloads\\namaste-react-main (1)\\namaste-react-main\\src\\components\\CartSlice.js","statementMap":{"0":{"start":{"line":1,"column":24},"end":{"line":1,"column":51}},"1":{"start":{"line":3,"column":16},"end":{"line":22,"column":2}},"2":{"start":{"line":12,"column":0},"end":{"line":12,"column":33}},"3":{"start":{"line":15,"column":12},"end":{"line":15,"column":30}},"4":{"start":{"line":19,"column":0},"end":{"line":19,"column":21}},"5":{"start":{"line":23,"column":43},"end":{"line":23,"column":60}}},"fnMap":{"0":{"name":"(anonymous_0)","decl":{"start":{"line":10,"column":16},"end":{"line":10,"column":17}},"loc":{"start":{"line":10,"column":32},"end":{"line":13,"column":9}},"line":10},"1":{"name":"(anonymous_1)","decl":{"start":{"line":14,"column":19},"end":{"line":14,"column":20}},"loc":{"start":{"line":14,"column":28},"end":{"line":16,"column":9}},"line":14},"2":{"name":"(anonymous_2)","decl":{"start":{"line":17,"column":18},"end":{"line":17,"column":19}},"loc":{"start":{"line":17,"column":27},"end":{"line":20,"column":9}},"line":17}},"branchMap":{},"s":{"0":1,"1":1,"2":0,"3":0,"4":0,"5":1},"f":{"0":0,"1":0,"2":0},"b":{},"_coverageSchema":"1a1c01bbd47fc00a2c39e90264f33305004495a9","hash":"76fcea2b9cf1d613016ba4040a18561c5cc58c44"}
,"C:\\Users\\jagro\\Downloads\\namaste-react-main (1)\\namaste-react-main\\src\\components\\Header.js": {"path":"C:\\Users\\jagro\\Downloads\\namaste-react-main (1)\\namaste-react-main\\src\\components\\Header.js","statementMap":{"0":{"start":{"line":8,"column":13},"end":{"line":50,"column":1}},"1":{"start":{"line":10,"column":41},"end":{"line":10,"column":58}},"2":{"start":{"line":11,"column":23},"end":{"line":11,"column":40}},"3":{"start":{"line":12,"column":24},"end":{"line":12,"column":47}},"4":{"start":{"line":13,"column":4},"end":{"line":13,"column":30}},"5":{"start":{"line":15,"column":20},"end":{"line":15,"column":58}},"6":{"start":{"line":15,"column":41},"end":{"line":15,"column":57}},"7":{"start":{"line":16,"column":4},"end":{"line":49,"column":6}},"8":{"start":{"line":42,"column":11},"end":{"line":42,"column":88}}},"fnMap":{"0":{"name":"(anonymous_0)","decl":{"start":{"line":8,"column":13},"end":{"line":8,"column":14}},"loc":{"start":{"line":8,"column":17},"end":{"line":50,"column":1}},"line":8},"1":{"name":"(anonymous_1)","decl":{"start":{"line":15,"column":32},"end":{"line":15,"column":33}},"loc":{"start":{"line":15,"column":41},"end":{"line":15,"column":57}},"line":15},"2":{"name":"(anonymous_2)","decl":{"start":{"line":41,"column":48},"end":{"line":41,"column":49}},"loc":{"start":{"line":41,"column":52},"end":{"line":43,"column":9}},"line":41}},"branchMap":{"0":{"loc":{"start":{"line":24,"column":40},"end":{"line":24,"column":66}},"type":"cond-expr","locations":[{"start":{"line":24,"column":54},"end":{"line":24,"column":58}},{"start":{"line":24,"column":61},"end":{"line":24,"column":66}}],"line":24},"1":{"loc":{"start":{"line":42,"column":11},"end":{"line":42,"column":87}},"type":"cond-expr","locations":[{"start":{"line":42,"column":35},"end":{"line":42,"column":60}},{"start":{"line":42,"column":63},"end":{"line":42,"column":87}}],"line":42}},"s":{"0":1,"1":3,"2":3,"3":3,"4":3,"5":3,"6":5,"7":3,"8":1},"f":{"0":3,"1":5,"2":1},"b":{"0":[3,0],"1":[1,0]},"_coverageSchema":"1a1c01bbd47fc00a2c39e90264f33305004495a9","hash":"571e757e46219e56accd0baa16fb064c01ee9b06"}
,"C:\\Users\\jagro\\Downloads\\namaste-react-main (1)\\namaste-react-main\\src\\components\\RestaurantCard.js": {"path":"C:\\Users\\jagro\\Downloads\\namaste-react-main (1)\\namaste-react-main\\src\\components\\RestaurantCard.js","statementMap":{"0":{"start":{"line":3,"column":21},"end":{"line":29,"column":1}},"1":{"start":{"line":4,"column":20},"end":{"line":4,"column":25}},"2":{"start":{"line":13,"column":6},"end":{"line":13,"column":19}},"3":{"start":{"line":14,"column":4},"end":{"line":28,"column":6}},"4":{"start":{"line":31,"column":32},"end":{"line":42,"column":1}},"5":{"start":{"line":32,"column":4},"end":{"line":41,"column":5}},"6":{"start":{"line":33,"column":8},"end":{"line":40,"column":9}}},"fnMap":{"0":{"name":"(anonymous_0)","decl":{"start":{"line":3,"column":21},"end":{"line":3,"column":22}},"loc":{"start":{"line":3,"column":30},"end":{"line":29,"column":1}},"line":3},"1":{"name":"(anonymous_1)","decl":{"start":{"line":31,"column":32},"end":{"line":31,"column":33}},"loc":{"start":{"line":31,"column":50},"end":{"line":42,"column":1}},"line":31},"2":{"name":"(anonymous_2)","decl":{"start":{"line":32,"column":10},"end":{"line":32,"column":11}},"loc":{"start":{"line":32,"column":19},"end":{"line":41,"column":5}},"line":32}},"branchMap":{},"s":{"0":2,"1":13,"2":12,"3":8,"4":2,"5":2,"6":8},"f":{"0":13,"1":2,"2":8},"b":{},"_coverageSchema":"1a1c01bbd47fc00a2c39e90264f33305004495a9","hash":"e38aa62df6470b1f8761ff429b3fd2fbc80567f6"}
,"C:\\Users\\jagro\\Downloads\\namaste-react-main (1)\\namaste-react-main\\src\\components\\UserContext.js": {"path":"C:\\Users\\jagro\\Downloads\\namaste-react-main (1)\\namaste-react-main\\src\\components\\UserContext.js","statementMap":{"0":{"start":{"line":2,"column":18},"end":{"line":4,"column":2}}},"fnMap":{},"branchMap":{},"s":{"0":2},"f":{},"b":{},"_coverageSchema":"1a1c01bbd47fc00a2c39e90264f33305004495a9","hash":"a5c02a81795ac06f53fb9e8e71e2b5ca502ed39f"}
,"C:\\Users\\jagro\\Downloads\\namaste-react-main (1)\\namaste-react-main\\src\\components\\shimmer.js": {"path":"C:\\Users\\jagro\\Downloads\\namaste-react-main (1)\\namaste-react-main\\src\\components\\shimmer.js","statementMap":{"0":{"start":{"line":1,"column":14},"end":{"line":10,"column":1}},"1":{"start":{"line":2,"column":4},"end":{"line":9,"column":10}}},"fnMap":{"0":{"name":"(anonymous_0)","decl":{"start":{"line":1,"column":14},"end":{"line":1,"column":15}},"loc":{"start":{"line":1,"column":18},"end":{"line":10,"column":1}},"line":1}},"branchMap":{},"s":{"0":1,"1":1},"f":{"0":1},"b":{},"_coverageSchema":"1a1c01bbd47fc00a2c39e90264f33305004495a9","hash":"2c81e989ca483f25a93fcca6ec377bcbecb99716"}
,"C:\\Users\\jagro\\Downloads\\namaste-react-main (1)\\namaste-react-main\\src\\components\\utils\\constant.js": {"path":"C:\\Users\\jagro\\Downloads\\namaste-react-main (1)\\namaste-react-main\\src\\components\\utils\\constant.js","statementMap":{"0":{"start":{"line":1,"column":22},"end":{"line":1,"column":105}},"1":{"start":{"line":2,"column":24},"end":{"line":2,"column":151}},"2":{"start":{"line":3,"column":22},"end":{"line":3,"column":178}}},"fnMap":{},"branchMap":{},"s":{"0":3,"1":3,"2":3},"f":{},"b":{},"_coverageSchema":"1a1c01bbd47fc00a2c39e90264f33305004495a9","hash":"6e7d12b0eabd21530821129056863dabe074e4fc"}
,"C:\\Users\\jagro\\Downloads\\namaste-react-main (1)\\namaste-react-main\\src\\components\\utils\\useOnlineStatus.js": {"path":"C:\\Users\\jagro\\Downloads\\namaste-react-main (1)\\namaste-react-main\\src\\components\\utils\\useOnlineStatus.js","statementMap":{"0":{"start":{"line":2,"column":23},"end":{"line":13,"column":2}},"1":{"start":{"line":3,"column":38},"end":{"line":3,"column":52}},"2":{"start":{"line":4,"column":4},"end":{"line":11,"column":10}},"3":{"start":{"line":5,"column":0},"end":{"line":7,"column":3}},"4":{"start":{"line":6,"column":0},"end":{"line":6,"column":23}},"5":{"start":{"line":8,"column":0},"end":{"line":10,"column":7}},"6":{"start":{"line":9,"column":4},"end":{"line":9,"column":26}},"7":{"start":{"line":12,"column":4},"end":{"line":12,"column":24}}},"fnMap":{"0":{"name":"(anonymous_0)","decl":{"start":{"line":2,"column":23},"end":{"line":2,"column":24}},"loc":{"start":{"line":2,"column":27},"end":{"line":13,"column":2}},"line":2},"1":{"name":"(anonymous_1)","decl":{"start":{"line":4,"column":14},"end":{"line":4,"column":15}},"loc":{"start":{"line":4,"column":18},"end":{"line":11,"column":5}},"line":4},"2":{"name":"(anonymous_2)","decl":{"start":{"line":5,"column":34},"end":{"line":5,"column":35}},"loc":{"start":{"line":5,"column":38},"end":{"line":7,"column":1}},"line":5},"3":{"name":"(anonymous_3)","decl":{"start":{"line":8,"column":33},"end":{"line":8,"column":34}},"loc":{"start":{"line":8,"column":37},"end":{"line":10,"column":5}},"line":8}},"branchMap":{},"s":{"0":2,"1":5,"2":5,"3":3,"4":0,"5":3,"6":0,"7":5},"f":{"0":5,"1":3,"2":0,"3":0},"b":{},"_coverageSchema":"1a1c01bbd47fc00a2c39e90264f33305004495a9","hash":"63edc3a7445a7bb70165555782675ec0da3e68db"}
}
