TN:
SF:src\components\AppStore.js
FNF:0
FNH:0
DA:4,1
LF:1
LH:1
BRF:0
BRH:0
end_of_record
TN:
SF:src\components\Body.js
FN:443,(anonymous_0)
FN:449,(anonymous_1)
FN:452,(anonymous_2)
FN:478,(anonymous_3)
FN:483,(anonymous_4)
FN:485,(anonymous_5)
FN:490,(anonymous_6)
FN:491,(anonymous_7)
FN:499,(anonymous_8)
FN:506,(anonymous_9)
FNF:10
FNH:4
FNDA:2,(anonymous_0)
FNDA:1,(anonymous_1)
FNDA:1,(anonymous_2)
FNDA:0,(anonymous_3)
FNDA:0,(anonymous_4)
FNDA:0,(anonymous_5)
FNDA:0,(anonymous_6)
FNDA:0,(anonymous_7)
FNDA:0,(anonymous_8)
FNDA:8,(anonymous_9)
DA:9,1
DA:443,1
DA:444,2
DA:445,2
DA:446,2
DA:447,2
DA:448,2
DA:449,2
DA:450,1
DA:452,2
DA:453,1
DA:459,1
DA:460,1
DA:461,1
DA:462,1
DA:464,2
DA:465,2
DA:467,0
DA:469,2
DA:471,2
DA:479,0
DA:484,0
DA:485,0
DA:486,0
DA:491,0
DA:492,0
DA:500,0
DA:507,8
LF:28
LH:20
BRDA:465,0,0,0
BRDA:465,0,1,2
BRDA:471,1,0,1
BRDA:471,1,1,1
BRDA:512,2,0,8
BRDA:512,2,1,0
BRF:6
BRH:4
end_of_record
TN:
SF:src\components\CartSlice.js
FN:10,(anonymous_0)
FN:14,(anonymous_1)
FN:17,(anonymous_2)
FNF:3
FNH:0
FNDA:0,(anonymous_0)
FNDA:0,(anonymous_1)
FNDA:0,(anonymous_2)
DA:1,1
DA:3,1
DA:12,0
DA:15,0
DA:19,0
DA:23,1
LF:6
LH:3
BRF:0
BRH:0
end_of_record
TN:
SF:src\components\Header.js
FN:8,(anonymous_0)
FN:15,(anonymous_1)
FN:41,(anonymous_2)
FNF:3
FNH:3
FNDA:3,(anonymous_0)
FNDA:5,(anonymous_1)
FNDA:1,(anonymous_2)
DA:8,1
DA:10,3
DA:11,3
DA:12,3
DA:13,3
DA:15,5
DA:16,3
DA:42,1
LF:8
LH:8
BRDA:24,0,0,3
BRDA:24,0,1,0
BRDA:42,1,0,1
BRDA:42,1,1,0
BRF:4
BRH:2
end_of_record
TN:
SF:src\components\RestaurantCard.js
FN:3,(anonymous_0)
FN:31,(anonymous_1)
FN:32,(anonymous_2)
FNF:3
FNH:3
FNDA:13,(anonymous_0)
FNDA:2,(anonymous_1)
FNDA:8,(anonymous_2)
DA:3,2
DA:4,13
DA:13,12
DA:14,8
DA:31,2
DA:32,2
DA:33,8
LF:7
LH:7
BRF:0
BRH:0
end_of_record
TN:
SF:src\components\UserContext.js
FNF:0
FNH:0
DA:2,2
LF:1
LH:1
BRF:0
BRH:0
end_of_record
TN:
SF:src\components\shimmer.js
FN:1,(anonymous_0)
FNF:1
FNH:1
FNDA:1,(anonymous_0)
DA:1,1
DA:2,1
LF:2
LH:2
BRF:0
BRH:0
end_of_record
TN:
SF:src\components\utils\constant.js
FNF:0
FNH:0
DA:1,3
DA:2,3
DA:3,3
LF:3
LH:3
BRF:0
BRH:0
end_of_record
TN:
SF:src\components\utils\useOnlineStatus.js
FN:2,(anonymous_0)
FN:4,(anonymous_1)
FN:5,(anonymous_2)
FN:8,(anonymous_3)
FNF:4
FNH:2
FNDA:5,(anonymous_0)
FNDA:3,(anonymous_1)
FNDA:0,(anonymous_2)
FNDA:0,(anonymous_3)
DA:2,2
DA:3,5
DA:4,5
DA:5,3
DA:6,0
DA:8,3
DA:9,0
DA:12,5
LF:8
LH:6
BRF:0
BRH:0
end_of_record
